{"/Users/orlagh/Documents/stsample/models/order.js": {"path":"/Users/orlagh/Documents/stsample/models/order.js","statementMap":{"0":{"start":{"line":2,"column":17},"end":{"line":2,"column":36}},"1":{"start":{"line":4,"column":20},"end":{"line":20,"column":2}},"2":{"start":{"line":22,"column":14},"end":{"line":22,"column":50}},"3":{"start":{"line":24,"column":0},"end":{"line":24,"column":27}}},"fnMap":{},"branchMap":{},"s":{"0":1,"1":1,"2":1,"3":1},"f":{},"b":{},"_coverageSchema":"1a1c01bbd47fc00a2c39e90264f33305004495a9","hash":"4e416867212f16789f8b68d36eccb6f7033fa3c9"}
,"/Users/orlagh/Documents/stsample/models/user.js": {"path":"/Users/orlagh/Documents/stsample/models/user.js","statementMap":{"0":{"start":{"line":2,"column":17},"end":{"line":2,"column":36}},"1":{"start":{"line":4,"column":19},"end":{"line":37,"column":2}},"2":{"start":{"line":18,"column":8},"end":{"line":18,"column":52}},"3":{"start":{"line":39,"column":13},"end":{"line":39,"column":47}},"4":{"start":{"line":41,"column":0},"end":{"line":41,"column":26}}},"fnMap":{"0":{"name":"(anonymous_0)","decl":{"start":{"line":17,"column":17},"end":{"line":17,"column":18}},"loc":{"start":{"line":17,"column":30},"end":{"line":19,"column":7}},"line":17}},"branchMap":{},"s":{"0":1,"1":1,"2":3,"3":1,"4":1},"f":{"0":3},"b":{},"_coverageSchema":"1a1c01bbd47fc00a2c39e90264f33305004495a9","hash":"128611e7ed4cad72281abef3e4c763690987e49c"}
}
